[0.365s] Invoking command in '/home/botcanh/ROS2-Path-Planning-and-Maze-Solving/path_planning_ws/src/maze_bot': PYTHONPATH=/home/botcanh/ROS2-Path-Planning-and-Maze-Solving/path_planning_ws/build/maze_bot/prefix_override:/home/botcanh/ROS2-Path-Planning-and-Maze-Solving/path_planning_ws/install/maze_bot/lib/python3.10/site-packages:${PYTHONPATH} /usr/bin/python3 -W ignore:setup.py install is deprecated setup.py egg_info --egg-base ../../build/maze_bot build --build-base /home/botcanh/ROS2-Path-Planning-and-Maze-Solving/path_planning_ws/build/maze_bot/build install --record /home/botcanh/ROS2-Path-Planning-and-Maze-Solving/path_planning_ws/build/maze_bot/install.log --single-version-externally-managed install_data
[0.500s] running egg_info
[0.500s] creating ../../build/maze_bot/maze_bot.egg-info
[0.500s] writing ../../build/maze_bot/maze_bot.egg-info/PKG-INFO
[0.500s] writing dependency_links to ../../build/maze_bot/maze_bot.egg-info/dependency_links.txt
[0.500s] writing entry points to ../../build/maze_bot/maze_bot.egg-info/entry_points.txt
[0.501s] writing requirements to ../../build/maze_bot/maze_bot.egg-info/requires.txt
[0.501s] writing top-level names to ../../build/maze_bot/maze_bot.egg-info/top_level.txt
[0.501s] writing manifest file '../../build/maze_bot/maze_bot.egg-info/SOURCES.txt'
[0.501s] reading manifest file '../../build/maze_bot/maze_bot.egg-info/SOURCES.txt'
[0.502s] writing manifest file '../../build/maze_bot/maze_bot.egg-info/SOURCES.txt'
[0.502s] running build
[0.502s] running build_py
[0.502s] creating /home/botcanh/ROS2-Path-Planning-and-Maze-Solving/path_planning_ws/build/maze_bot/build
[0.502s] creating /home/botcanh/ROS2-Path-Planning-and-Maze-Solving/path_planning_ws/build/maze_bot/build/lib
[0.502s] creating /home/botcanh/ROS2-Path-Planning-and-Maze-Solving/path_planning_ws/build/maze_bot/build/lib/maze_bot
[0.502s] copying maze_bot/bot_mapping.py -> /home/botcanh/ROS2-Path-Planning-and-Maze-Solving/path_planning_ws/build/maze_bot/build/lib/maze_bot
[0.502s] copying maze_bot/test_mapping.py -> /home/botcanh/ROS2-Path-Planning-and-Maze-Solving/path_planning_ws/build/maze_bot/build/lib/maze_bot
[0.502s] copying maze_bot/bot_motionplanning.py -> /home/botcanh/ROS2-Path-Planning-and-Maze-Solving/path_planning_ws/build/maze_bot/build/lib/maze_bot
[0.502s] copying maze_bot/bot_localization.py -> /home/botcanh/ROS2-Path-Planning-and-Maze-Solving/path_planning_ws/build/maze_bot/build/lib/maze_bot
[0.502s] copying maze_bot/maze_solver.py -> /home/botcanh/ROS2-Path-Planning-and-Maze-Solving/path_planning_ws/build/maze_bot/build/lib/maze_bot
[0.502s] copying maze_bot/__init__.py -> /home/botcanh/ROS2-Path-Planning-and-Maze-Solving/path_planning_ws/build/maze_bot/build/lib/maze_bot
[0.502s] copying maze_bot/utilities.py -> /home/botcanh/ROS2-Path-Planning-and-Maze-Solving/path_planning_ws/build/maze_bot/build/lib/maze_bot
[0.502s] copying maze_bot/config.py -> /home/botcanh/ROS2-Path-Planning-and-Maze-Solving/path_planning_ws/build/maze_bot/build/lib/maze_bot
[0.502s] copying maze_bot/bot_pathplanning.py -> /home/botcanh/ROS2-Path-Planning-and-Maze-Solving/path_planning_ws/build/maze_bot/build/lib/maze_bot
[0.503s] running install
[0.503s] running install_lib
[0.503s] creating /home/botcanh/ROS2-Path-Planning-and-Maze-Solving/path_planning_ws/install/maze_bot/lib/python3.10/site-packages/maze_bot
[0.504s] copying /home/botcanh/ROS2-Path-Planning-and-Maze-Solving/path_planning_ws/build/maze_bot/build/lib/maze_bot/bot_mapping.py -> /home/botcanh/ROS2-Path-Planning-and-Maze-Solving/path_planning_ws/install/maze_bot/lib/python3.10/site-packages/maze_bot
[0.504s] copying /home/botcanh/ROS2-Path-Planning-and-Maze-Solving/path_planning_ws/build/maze_bot/build/lib/maze_bot/test_mapping.py -> /home/botcanh/ROS2-Path-Planning-and-Maze-Solving/path_planning_ws/install/maze_bot/lib/python3.10/site-packages/maze_bot
[0.504s] copying /home/botcanh/ROS2-Path-Planning-and-Maze-Solving/path_planning_ws/build/maze_bot/build/lib/maze_bot/bot_motionplanning.py -> /home/botcanh/ROS2-Path-Planning-and-Maze-Solving/path_planning_ws/install/maze_bot/lib/python3.10/site-packages/maze_bot
[0.504s] copying /home/botcanh/ROS2-Path-Planning-and-Maze-Solving/path_planning_ws/build/maze_bot/build/lib/maze_bot/bot_localization.py -> /home/botcanh/ROS2-Path-Planning-and-Maze-Solving/path_planning_ws/install/maze_bot/lib/python3.10/site-packages/maze_bot
[0.504s] copying /home/botcanh/ROS2-Path-Planning-and-Maze-Solving/path_planning_ws/build/maze_bot/build/lib/maze_bot/maze_solver.py -> /home/botcanh/ROS2-Path-Planning-and-Maze-Solving/path_planning_ws/install/maze_bot/lib/python3.10/site-packages/maze_bot
[0.504s] copying /home/botcanh/ROS2-Path-Planning-and-Maze-Solving/path_planning_ws/build/maze_bot/build/lib/maze_bot/__init__.py -> /home/botcanh/ROS2-Path-Planning-and-Maze-Solving/path_planning_ws/install/maze_bot/lib/python3.10/site-packages/maze_bot
[0.504s] copying /home/botcanh/ROS2-Path-Planning-and-Maze-Solving/path_planning_ws/build/maze_bot/build/lib/maze_bot/utilities.py -> /home/botcanh/ROS2-Path-Planning-and-Maze-Solving/path_planning_ws/install/maze_bot/lib/python3.10/site-packages/maze_bot
[0.504s] copying /home/botcanh/ROS2-Path-Planning-and-Maze-Solving/path_planning_ws/build/maze_bot/build/lib/maze_bot/config.py -> /home/botcanh/ROS2-Path-Planning-and-Maze-Solving/path_planning_ws/install/maze_bot/lib/python3.10/site-packages/maze_bot
[0.504s] copying /home/botcanh/ROS2-Path-Planning-and-Maze-Solving/path_planning_ws/build/maze_bot/build/lib/maze_bot/bot_pathplanning.py -> /home/botcanh/ROS2-Path-Planning-and-Maze-Solving/path_planning_ws/install/maze_bot/lib/python3.10/site-packages/maze_bot
[0.504s] byte-compiling /home/botcanh/ROS2-Path-Planning-and-Maze-Solving/path_planning_ws/install/maze_bot/lib/python3.10/site-packages/maze_bot/bot_mapping.py to bot_mapping.cpython-310.pyc
[0.506s] byte-compiling /home/botcanh/ROS2-Path-Planning-and-Maze-Solving/path_planning_ws/install/maze_bot/lib/python3.10/site-packages/maze_bot/test_mapping.py to test_mapping.cpython-310.pyc
[0.506s] byte-compiling /home/botcanh/ROS2-Path-Planning-and-Maze-Solving/path_planning_ws/install/maze_bot/lib/python3.10/site-packages/maze_bot/bot_motionplanning.py to bot_motionplanning.cpython-310.pyc
[0.507s] byte-compiling /home/botcanh/ROS2-Path-Planning-and-Maze-Solving/path_planning_ws/install/maze_bot/lib/python3.10/site-packages/maze_bot/bot_localization.py to bot_localization.cpython-310.pyc
[0.508s] byte-compiling /home/botcanh/ROS2-Path-Planning-and-Maze-Solving/path_planning_ws/install/maze_bot/lib/python3.10/site-packages/maze_bot/maze_solver.py to maze_solver.cpython-310.pyc
[0.509s] byte-compiling /home/botcanh/ROS2-Path-Planning-and-Maze-Solving/path_planning_ws/install/maze_bot/lib/python3.10/site-packages/maze_bot/__init__.py to __init__.cpython-310.pyc
[0.509s] byte-compiling /home/botcanh/ROS2-Path-Planning-and-Maze-Solving/path_planning_ws/install/maze_bot/lib/python3.10/site-packages/maze_bot/utilities.py to utilities.cpython-310.pyc
[0.510s] byte-compiling /home/botcanh/ROS2-Path-Planning-and-Maze-Solving/path_planning_ws/install/maze_bot/lib/python3.10/site-packages/maze_bot/config.py to config.cpython-310.pyc
[0.510s] byte-compiling /home/botcanh/ROS2-Path-Planning-and-Maze-Solving/path_planning_ws/install/maze_bot/lib/python3.10/site-packages/maze_bot/bot_pathplanning.py to bot_pathplanning.cpython-310.pyc
[0.511s] running install_data
[0.511s] creating /home/botcanh/ROS2-Path-Planning-and-Maze-Solving/path_planning_ws/install/maze_bot/share/ament_index
[0.511s] creating /home/botcanh/ROS2-Path-Planning-and-Maze-Solving/path_planning_ws/install/maze_bot/share/ament_index/resource_index
[0.511s] creating /home/botcanh/ROS2-Path-Planning-and-Maze-Solving/path_planning_ws/install/maze_bot/share/ament_index/resource_index/packages
[0.511s] copying resource/maze_bot -> /home/botcanh/ROS2-Path-Planning-and-Maze-Solving/path_planning_ws/install/maze_bot/share/ament_index/resource_index/packages
[0.512s] copying package.xml -> /home/botcanh/ROS2-Path-Planning-and-Maze-Solving/path_planning_ws/install/maze_bot/share/maze_bot
[0.512s] creating /home/botcanh/ROS2-Path-Planning-and-Maze-Solving/path_planning_ws/install/maze_bot/share/maze_bot/launch
[0.512s] copying launch/maze_2_robot_camera.launch.py -> /home/botcanh/ROS2-Path-Planning-and-Maze-Solving/path_planning_ws/install/maze_bot/share/maze_bot/launch
[0.512s] copying launch/rviz.launch.py -> /home/botcanh/ROS2-Path-Planning-and-Maze-Solving/path_planning_ws/install/maze_bot/share/maze_bot/launch
[0.512s] copying launch/gazebo.launch.py -> /home/botcanh/ROS2-Path-Planning-and-Maze-Solving/path_planning_ws/install/maze_bot/share/maze_bot/launch
[0.512s] copying launch/maze_1_robot_camera.launch.py -> /home/botcanh/ROS2-Path-Planning-and-Maze-Solving/path_planning_ws/install/maze_bot/share/maze_bot/launch
[0.512s] creating /home/botcanh/ROS2-Path-Planning-and-Maze-Solving/path_planning_ws/install/maze_bot/share/maze_bot/urdf
[0.512s] copying urdf/maze_bot.urdf -> /home/botcanh/ROS2-Path-Planning-and-Maze-Solving/path_planning_ws/install/maze_bot/share/maze_bot/urdf
[0.512s] creating /home/botcanh/ROS2-Path-Planning-and-Maze-Solving/path_planning_ws/install/maze_bot/share/maze_bot/meshes
[0.512s] copying meshes/wheel_l.stl -> /home/botcanh/ROS2-Path-Planning-and-Maze-Solving/path_planning_ws/install/maze_bot/share/maze_bot/meshes
[0.512s] copying meshes/wheel_r.stl -> /home/botcanh/ROS2-Path-Planning-and-Maze-Solving/path_planning_ws/install/maze_bot/share/maze_bot/meshes
[0.512s] copying meshes/base_link.stl -> /home/botcanh/ROS2-Path-Planning-and-Maze-Solving/path_planning_ws/install/maze_bot/share/maze_bot/meshes
[0.512s] copying meshes/front_caster.stl -> /home/botcanh/ROS2-Path-Planning-and-Maze-Solving/path_planning_ws/install/maze_bot/share/maze_bot/meshes
[0.512s] creating /home/botcanh/ROS2-Path-Planning-and-Maze-Solving/path_planning_ws/install/maze_bot/share/maze_bot/worlds
[0.512s] copying worlds/maze_2.world -> /home/botcanh/ROS2-Path-Planning-and-Maze-Solving/path_planning_ws/install/maze_bot/share/maze_bot/worlds
[0.512s] copying worlds/maze_1.world -> /home/botcanh/ROS2-Path-Planning-and-Maze-Solving/path_planning_ws/install/maze_bot/share/maze_bot/worlds
[0.512s] running install_egg_info
[0.513s] Copying ../../build/maze_bot/maze_bot.egg-info to /home/botcanh/ROS2-Path-Planning-and-Maze-Solving/path_planning_ws/install/maze_bot/lib/python3.10/site-packages/maze_bot-0.0.0-py3.10.egg-info
[0.514s] running install_scripts
[0.526s] Installing driving_node script to /home/botcanh/ROS2-Path-Planning-and-Maze-Solving/path_planning_ws/install/maze_bot/lib/maze_bot
[0.527s] Installing go_to_goal script to /home/botcanh/ROS2-Path-Planning-and-Maze-Solving/path_planning_ws/install/maze_bot/lib/maze_bot
[0.527s] Installing maze_solver script to /home/botcanh/ROS2-Path-Planning-and-Maze-Solving/path_planning_ws/install/maze_bot/lib/maze_bot
[0.527s] Installing video_recorder script to /home/botcanh/ROS2-Path-Planning-and-Maze-Solving/path_planning_ws/install/maze_bot/lib/maze_bot
[0.527s] writing list of installed files to '/home/botcanh/ROS2-Path-Planning-and-Maze-Solving/path_planning_ws/build/maze_bot/install.log'
[0.542s] Invoked command in '/home/botcanh/ROS2-Path-Planning-and-Maze-Solving/path_planning_ws/src/maze_bot' returned '0': PYTHONPATH=/home/botcanh/ROS2-Path-Planning-and-Maze-Solving/path_planning_ws/build/maze_bot/prefix_override:/home/botcanh/ROS2-Path-Planning-and-Maze-Solving/path_planning_ws/install/maze_bot/lib/python3.10/site-packages:${PYTHONPATH} /usr/bin/python3 -W ignore:setup.py install is deprecated setup.py egg_info --egg-base ../../build/maze_bot build --build-base /home/botcanh/ROS2-Path-Planning-and-Maze-Solving/path_planning_ws/build/maze_bot/build install --record /home/botcanh/ROS2-Path-Planning-and-Maze-Solving/path_planning_ws/build/maze_bot/install.log --single-version-externally-managed install_data
