[0.573s] Invoking command in '/home/botcanh/ROS2-Path-Planning-and-Maze-Solving/path_planning_ws/src/maze_bot': PYTHONPATH=/home/botcanh/ROS2-Path-Planning-and-Maze-Solving/path_planning_ws/build/maze_bot/prefix_override:/home/botcanh/ROS2-Path-Planning-and-Maze-Solving/path_planning_ws/install/maze_bot/lib/python3.10/site-packages:${PYTHONPATH} /usr/bin/python3 -W ignore:setup.py install is deprecated setup.py egg_info --egg-base ../../build/maze_bot build --build-base /home/botcanh/ROS2-Path-Planning-and-Maze-Solving/path_planning_ws/build/maze_bot/build install --record /home/botcanh/ROS2-Path-Planning-and-Maze-Solving/path_planning_ws/build/maze_bot/install.log --single-version-externally-managed install_data
[0.766s] running egg_info
[0.767s] writing ../../build/maze_bot/maze_bot.egg-info/PKG-INFO
[0.767s] writing dependency_links to ../../build/maze_bot/maze_bot.egg-info/dependency_links.txt
[0.767s] writing entry points to ../../build/maze_bot/maze_bot.egg-info/entry_points.txt
[0.767s] writing requirements to ../../build/maze_bot/maze_bot.egg-info/requires.txt
[0.767s] writing top-level names to ../../build/maze_bot/maze_bot.egg-info/top_level.txt
[0.770s] reading manifest file '../../build/maze_bot/maze_bot.egg-info/SOURCES.txt'
[0.771s] writing manifest file '../../build/maze_bot/maze_bot.egg-info/SOURCES.txt'
[0.771s] running build
[0.771s] running build_py
[0.771s] copying maze_bot/maze_solver.py -> /home/botcanh/ROS2-Path-Planning-and-Maze-Solving/path_planning_ws/build/maze_bot/build/lib/maze_bot
[0.772s] running install
[0.772s] running install_lib
[0.773s] copying /home/botcanh/ROS2-Path-Planning-and-Maze-Solving/path_planning_ws/build/maze_bot/build/lib/maze_bot/maze_solver.py -> /home/botcanh/ROS2-Path-Planning-and-Maze-Solving/path_planning_ws/install/maze_bot/lib/python3.10/site-packages/maze_bot
[0.774s] byte-compiling /home/botcanh/ROS2-Path-Planning-and-Maze-Solving/path_planning_ws/install/maze_bot/lib/python3.10/site-packages/maze_bot/maze_solver.py to maze_solver.cpython-310.pyc
[0.776s] running install_data
[0.776s] running install_egg_info
[0.778s] removing '/home/botcanh/ROS2-Path-Planning-and-Maze-Solving/path_planning_ws/install/maze_bot/lib/python3.10/site-packages/maze_bot-0.0.0-py3.10.egg-info' (and everything under it)
[0.778s] Copying ../../build/maze_bot/maze_bot.egg-info to /home/botcanh/ROS2-Path-Planning-and-Maze-Solving/path_planning_ws/install/maze_bot/lib/python3.10/site-packages/maze_bot-0.0.0-py3.10.egg-info
[0.779s] running install_scripts
[0.803s] Installing driving_node script to /home/botcanh/ROS2-Path-Planning-and-Maze-Solving/path_planning_ws/install/maze_bot/lib/maze_bot
[0.803s] Installing go_to_goal script to /home/botcanh/ROS2-Path-Planning-and-Maze-Solving/path_planning_ws/install/maze_bot/lib/maze_bot
[0.803s] Installing maze_solver script to /home/botcanh/ROS2-Path-Planning-and-Maze-Solving/path_planning_ws/install/maze_bot/lib/maze_bot
[0.803s] Installing video_recorder script to /home/botcanh/ROS2-Path-Planning-and-Maze-Solving/path_planning_ws/install/maze_bot/lib/maze_bot
[0.804s] writing list of installed files to '/home/botcanh/ROS2-Path-Planning-and-Maze-Solving/path_planning_ws/build/maze_bot/install.log'
[0.839s] Invoked command in '/home/botcanh/ROS2-Path-Planning-and-Maze-Solving/path_planning_ws/src/maze_bot' returned '0': PYTHONPATH=/home/botcanh/ROS2-Path-Planning-and-Maze-Solving/path_planning_ws/build/maze_bot/prefix_override:/home/botcanh/ROS2-Path-Planning-and-Maze-Solving/path_planning_ws/install/maze_bot/lib/python3.10/site-packages:${PYTHONPATH} /usr/bin/python3 -W ignore:setup.py install is deprecated setup.py egg_info --egg-base ../../build/maze_bot build --build-base /home/botcanh/ROS2-Path-Planning-and-Maze-Solving/path_planning_ws/build/maze_bot/build install --record /home/botcanh/ROS2-Path-Planning-and-Maze-Solving/path_planning_ws/build/maze_bot/install.log --single-version-externally-managed install_data
