/home/botcanh/ROS2-Path-Planning-and-Maze-Solving/path_planning_ws/install/maze_bot/lib/python3.10/site-packages/maze_bot/my_localization.py
/home/botcanh/ROS2-Path-Planning-and-Maze-Solving/path_planning_ws/install/maze_bot/lib/python3.10/site-packages/maze_bot/test_mapping.py
/home/botcanh/ROS2-Path-Planning-and-Maze-Solving/path_planning_ws/install/maze_bot/lib/python3.10/site-packages/maze_bot/__init__.py
/home/botcanh/ROS2-Path-Planning-and-Maze-Solving/path_planning_ws/install/maze_bot/lib/python3.10/site-packages/maze_bot/maze_solver.py
/home/botcanh/ROS2-Path-Planning-and-Maze-Solving/path_planning_ws/install/maze_bot/lib/python3.10/site-packages/maze_bot/utilities.py
/home/botcanh/ROS2-Path-Planning-and-Maze-Solving/path_planning_ws/install/maze_bot/lib/python3.10/site-packages/maze_bot/my_path_planning.py
/home/botcanh/ROS2-Path-Planning-and-Maze-Solving/path_planning_ws/install/maze_bot/lib/python3.10/site-packages/maze_bot/my_motion_planning.py
/home/botcanh/ROS2-Path-Planning-and-Maze-Solving/path_planning_ws/install/maze_bot/lib/python3.10/site-packages/maze_bot/config.py
/home/botcanh/ROS2-Path-Planning-and-Maze-Solving/path_planning_ws/install/maze_bot/lib/python3.10/site-packages/maze_bot/__pycache__/my_localization.cpython-310.pyc
/home/botcanh/ROS2-Path-Planning-and-Maze-Solving/path_planning_ws/install/maze_bot/lib/python3.10/site-packages/maze_bot/__pycache__/test_mapping.cpython-310.pyc
/home/botcanh/ROS2-Path-Planning-and-Maze-Solving/path_planning_ws/install/maze_bot/lib/python3.10/site-packages/maze_bot/__pycache__/__init__.cpython-310.pyc
/home/botcanh/ROS2-Path-Planning-and-Maze-Solving/path_planning_ws/install/maze_bot/lib/python3.10/site-packages/maze_bot/__pycache__/maze_solver.cpython-310.pyc
/home/botcanh/ROS2-Path-Planning-and-Maze-Solving/path_planning_ws/install/maze_bot/lib/python3.10/site-packages/maze_bot/__pycache__/utilities.cpython-310.pyc
/home/botcanh/ROS2-Path-Planning-and-Maze-Solving/path_planning_ws/install/maze_bot/lib/python3.10/site-packages/maze_bot/__pycache__/my_path_planning.cpython-310.pyc
/home/botcanh/ROS2-Path-Planning-and-Maze-Solving/path_planning_ws/install/maze_bot/lib/python3.10/site-packages/maze_bot/__pycache__/my_motion_planning.cpython-310.pyc
/home/botcanh/ROS2-Path-Planning-and-Maze-Solving/path_planning_ws/install/maze_bot/lib/python3.10/site-packages/maze_bot/__pycache__/config.cpython-310.pyc
/home/botcanh/ROS2-Path-Planning-and-Maze-Solving/path_planning_ws/install/maze_bot/share/ament_index/resource_index/packages/maze_bot
/home/botcanh/ROS2-Path-Planning-and-Maze-Solving/path_planning_ws/install/maze_bot/share/maze_bot/package.xml
/home/botcanh/ROS2-Path-Planning-and-Maze-Solving/path_planning_ws/install/maze_bot/share/maze_bot/launch/rviz.launch.py
/home/botcanh/ROS2-Path-Planning-and-Maze-Solving/path_planning_ws/install/maze_bot/share/maze_bot/launch/room_camera.launch.py
/home/botcanh/ROS2-Path-Planning-and-Maze-Solving/path_planning_ws/install/maze_bot/share/maze_bot/launch/maze_1_robot_camera.launch.py
/home/botcanh/ROS2-Path-Planning-and-Maze-Solving/path_planning_ws/install/maze_bot/share/maze_bot/launch/maze_2_robot_camera.launch.py
/home/botcanh/ROS2-Path-Planning-and-Maze-Solving/path_planning_ws/install/maze_bot/share/maze_bot/launch/gazebo.launch.py
/home/botcanh/ROS2-Path-Planning-and-Maze-Solving/path_planning_ws/install/maze_bot/share/maze_bot/urdf/turtlebot3_burger.urdf
/home/botcanh/ROS2-Path-Planning-and-Maze-Solving/path_planning_ws/install/maze_bot/share/maze_bot/urdf/maze_bot.urdf
/home/botcanh/ROS2-Path-Planning-and-Maze-Solving/path_planning_ws/install/maze_bot/share/maze_bot/urdf/common_properties.urdf
/home/botcanh/ROS2-Path-Planning-and-Maze-Solving/path_planning_ws/install/maze_bot/share/maze_bot/urdf/sam_bot.urdf
/home/botcanh/ROS2-Path-Planning-and-Maze-Solving/path_planning_ws/install/maze_bot/share/maze_bot/meshes/base_link.stl
/home/botcanh/ROS2-Path-Planning-and-Maze-Solving/path_planning_ws/install/maze_bot/share/maze_bot/meshes/wheel_r.stl
/home/botcanh/ROS2-Path-Planning-and-Maze-Solving/path_planning_ws/install/maze_bot/share/maze_bot/meshes/front_caster.stl
/home/botcanh/ROS2-Path-Planning-and-Maze-Solving/path_planning_ws/install/maze_bot/share/maze_bot/meshes/wheel_l.stl
/home/botcanh/ROS2-Path-Planning-and-Maze-Solving/path_planning_ws/install/maze_bot/share/maze_bot/worlds/maze_2.world
/home/botcanh/ROS2-Path-Planning-and-Maze-Solving/path_planning_ws/install/maze_bot/share/maze_bot/worlds/worlds.world
/home/botcanh/ROS2-Path-Planning-and-Maze-Solving/path_planning_ws/install/maze_bot/share/maze_bot/worlds/maze_1.world
/home/botcanh/ROS2-Path-Planning-and-Maze-Solving/path_planning_ws/install/maze_bot/lib/python3.10/site-packages/maze_bot-0.0.0-py3.10.egg-info/entry_points.txt
/home/botcanh/ROS2-Path-Planning-and-Maze-Solving/path_planning_ws/install/maze_bot/lib/python3.10/site-packages/maze_bot-0.0.0-py3.10.egg-info/SOURCES.txt
/home/botcanh/ROS2-Path-Planning-and-Maze-Solving/path_planning_ws/install/maze_bot/lib/python3.10/site-packages/maze_bot-0.0.0-py3.10.egg-info/top_level.txt
/home/botcanh/ROS2-Path-Planning-and-Maze-Solving/path_planning_ws/install/maze_bot/lib/python3.10/site-packages/maze_bot-0.0.0-py3.10.egg-info/PKG-INFO
/home/botcanh/ROS2-Path-Planning-and-Maze-Solving/path_planning_ws/install/maze_bot/lib/python3.10/site-packages/maze_bot-0.0.0-py3.10.egg-info/zip-safe
/home/botcanh/ROS2-Path-Planning-and-Maze-Solving/path_planning_ws/install/maze_bot/lib/python3.10/site-packages/maze_bot-0.0.0-py3.10.egg-info/dependency_links.txt
/home/botcanh/ROS2-Path-Planning-and-Maze-Solving/path_planning_ws/install/maze_bot/lib/python3.10/site-packages/maze_bot-0.0.0-py3.10.egg-info/requires.txt
/home/botcanh/ROS2-Path-Planning-and-Maze-Solving/path_planning_ws/install/maze_bot/lib/maze_bot/driving_node
/home/botcanh/ROS2-Path-Planning-and-Maze-Solving/path_planning_ws/install/maze_bot/lib/maze_bot/go_to_goal
/home/botcanh/ROS2-Path-Planning-and-Maze-Solving/path_planning_ws/install/maze_bot/lib/maze_bot/maze_solver
/home/botcanh/ROS2-Path-Planning-and-Maze-Solving/path_planning_ws/install/maze_bot/lib/maze_bot/video_recorder
