[0.127s] DEBUG:colcon:Command line arguments: ['/usr/bin/colcon', 'build']
[0.127s] DEBUG:colcon:Parsed command line arguments: Namespace(log_base=None, log_level=None, verb_name='build', build_base='build', install_base='install', merge_install=False, symlink_install=False, test_result_base=None, continue_on_error=False, executor='parallel', parallel_workers=12, event_handlers=None, ignore_user_meta=False, metas=['./colcon.meta'], base_paths=['.'], packages_ignore=None, packages_ignore_regex=None, paths=None, packages_up_to=None, packages_up_to_regex=None, packages_above=None, packages_above_and_dependencies=None, packages_above_depth=None, packages_select_by_dep=None, packages_skip_by_dep=None, packages_skip_up_to=None, packages_select_build_failed=False, packages_skip_build_finished=False, packages_select_test_failures=False, packages_skip_test_passed=False, packages_select=None, packages_skip=None, packages_select_regex=None, packages_skip_regex=None, packages_start=None, packages_end=None, allow_overriding=[], cmake_args=None, cmake_target=None, cmake_target_skip_unavailable=False, cmake_clean_cache=False, cmake_clean_first=False, cmake_force_configure=False, ament_cmake_args=None, catkin_cmake_args=None, catkin_skip_building_tests=False, verb_parser=<colcon_defaults.argument_parser.defaults.DefaultArgumentsDecorator object at 0x7a3bf8730d30>, verb_extension=<colcon_core.verb.build.BuildVerb object at 0x7a3bf88398d0>, main=<bound method BuildVerb.main of <colcon_core.verb.build.BuildVerb object at 0x7a3bf88398d0>>)
[0.251s] Level 1:colcon.colcon_core.package_discovery:discover_packages(colcon_meta) check parameters
[0.251s] Level 1:colcon.colcon_core.package_discovery:discover_packages(recursive) check parameters
[0.251s] Level 1:colcon.colcon_core.package_discovery:discover_packages(ignore) check parameters
[0.251s] Level 1:colcon.colcon_core.package_discovery:discover_packages(path) check parameters
[0.251s] Level 1:colcon.colcon_core.package_discovery:discover_packages(colcon_meta) discover
[0.252s] Level 1:colcon.colcon_core.package_discovery:discover_packages(recursive) discover
[0.252s] INFO:colcon.colcon_core.package_discovery:Crawling recursively for packages in '/home/botcanh/ROS2-Path-Planning-and-Maze-Solving/path_planning_ws'
[0.252s] Level 1:colcon.colcon_core.package_identification:_identify(.) by extensions ['ignore', 'ignore_ament_install']
[0.252s] Level 1:colcon.colcon_core.package_identification:_identify(.) by extension 'ignore'
[0.252s] Level 1:colcon.colcon_core.package_identification:_identify(.) by extension 'ignore_ament_install'
[0.252s] Level 1:colcon.colcon_core.package_identification:_identify(.) by extensions ['colcon_pkg']
[0.252s] Level 1:colcon.colcon_core.package_identification:_identify(.) by extension 'colcon_pkg'
[0.252s] Level 1:colcon.colcon_core.package_identification:_identify(.) by extensions ['colcon_meta']
[0.252s] Level 1:colcon.colcon_core.package_identification:_identify(.) by extension 'colcon_meta'
[0.252s] Level 1:colcon.colcon_core.package_identification:_identify(.) by extensions ['ros']
[0.252s] Level 1:colcon.colcon_core.package_identification:_identify(.) by extension 'ros'
[0.261s] Level 1:colcon.colcon_core.package_identification:_identify(.) by extensions ['cmake', 'python']
[0.261s] Level 1:colcon.colcon_core.package_identification:_identify(.) by extension 'cmake'
[0.261s] Level 1:colcon.colcon_core.package_identification:_identify(.) by extension 'python'
[0.261s] Level 1:colcon.colcon_core.package_identification:_identify(.) by extensions ['python_setup_py']
[0.261s] Level 1:colcon.colcon_core.package_identification:_identify(.) by extension 'python_setup_py'
[0.261s] Level 1:colcon.colcon_core.package_identification:_identify(build) by extensions ['ignore', 'ignore_ament_install']
[0.261s] Level 1:colcon.colcon_core.package_identification:_identify(build) by extension 'ignore'
[0.261s] Level 1:colcon.colcon_core.package_identification:_identify(build) ignored
[0.262s] Level 1:colcon.colcon_core.package_identification:_identify(install) by extensions ['ignore', 'ignore_ament_install']
[0.262s] Level 1:colcon.colcon_core.package_identification:_identify(install) by extension 'ignore'
[0.262s] Level 1:colcon.colcon_core.package_identification:_identify(install) ignored
[0.262s] Level 1:colcon.colcon_core.package_identification:_identify(log) by extensions ['ignore', 'ignore_ament_install']
[0.262s] Level 1:colcon.colcon_core.package_identification:_identify(log) by extension 'ignore'
[0.262s] Level 1:colcon.colcon_core.package_identification:_identify(log) ignored
[0.262s] Level 1:colcon.colcon_core.package_identification:_identify(src) by extensions ['ignore', 'ignore_ament_install']
[0.262s] Level 1:colcon.colcon_core.package_identification:_identify(src) by extension 'ignore'
[0.262s] Level 1:colcon.colcon_core.package_identification:_identify(src) by extension 'ignore_ament_install'
[0.262s] Level 1:colcon.colcon_core.package_identification:_identify(src) by extensions ['colcon_pkg']
[0.262s] Level 1:colcon.colcon_core.package_identification:_identify(src) by extension 'colcon_pkg'
[0.262s] Level 1:colcon.colcon_core.package_identification:_identify(src) by extensions ['colcon_meta']
[0.262s] Level 1:colcon.colcon_core.package_identification:_identify(src) by extension 'colcon_meta'
[0.262s] Level 1:colcon.colcon_core.package_identification:_identify(src) by extensions ['ros']
[0.262s] Level 1:colcon.colcon_core.package_identification:_identify(src) by extension 'ros'
[0.262s] Level 1:colcon.colcon_core.package_identification:_identify(src) by extensions ['cmake', 'python']
[0.262s] Level 1:colcon.colcon_core.package_identification:_identify(src) by extension 'cmake'
[0.262s] Level 1:colcon.colcon_core.package_identification:_identify(src) by extension 'python'
[0.262s] Level 1:colcon.colcon_core.package_identification:_identify(src) by extensions ['python_setup_py']
[0.262s] Level 1:colcon.colcon_core.package_identification:_identify(src) by extension 'python_setup_py'
[0.262s] Level 1:colcon.colcon_core.package_identification:_identify(src/maze_bot) by extensions ['ignore', 'ignore_ament_install']
[0.263s] Level 1:colcon.colcon_core.package_identification:_identify(src/maze_bot) by extension 'ignore'
[0.263s] Level 1:colcon.colcon_core.package_identification:_identify(src/maze_bot) by extension 'ignore_ament_install'
[0.263s] Level 1:colcon.colcon_core.package_identification:_identify(src/maze_bot) by extensions ['colcon_pkg']
[0.263s] Level 1:colcon.colcon_core.package_identification:_identify(src/maze_bot) by extension 'colcon_pkg'
[0.263s] Level 1:colcon.colcon_core.package_identification:_identify(src/maze_bot) by extensions ['colcon_meta']
[0.263s] Level 1:colcon.colcon_core.package_identification:_identify(src/maze_bot) by extension 'colcon_meta'
[0.263s] Level 1:colcon.colcon_core.package_identification:_identify(src/maze_bot) by extensions ['ros']
[0.263s] Level 1:colcon.colcon_core.package_identification:_identify(src/maze_bot) by extension 'ros'
[0.265s] DEBUG:colcon.colcon_core.package_identification:Package 'src/maze_bot' with type 'ros.ament_python' and name 'maze_bot'
[0.265s] Level 1:colcon.colcon_core.package_discovery:discover_packages(recursive) using defaults
[0.265s] Level 1:colcon.colcon_core.package_discovery:discover_packages(ignore) discover
[0.265s] Level 1:colcon.colcon_core.package_discovery:discover_packages(ignore) using defaults
[0.265s] Level 1:colcon.colcon_core.package_discovery:discover_packages(path) discover
[0.265s] Level 1:colcon.colcon_core.package_discovery:discover_packages(path) using defaults
[0.285s] Level 1:colcon.colcon_core.package_discovery:discover_packages(prefix_path) check parameters
[0.285s] Level 1:colcon.colcon_core.package_discovery:discover_packages(prefix_path) discover
[0.288s] DEBUG:colcon.colcon_installed_package_information.package_discovery:Found 1 installed packages in /home/botcanh/ROS2-Path-Planning-and-Maze-Solving/path_planning_ws/install
[0.288s] DEBUG:colcon.colcon_installed_package_information.package_discovery:Found 3 installed packages in /home/botcanh/turtlebot3_ws/install
[0.289s] DEBUG:colcon.colcon_installed_package_information.package_discovery:Found 387 installed packages in /opt/ros/humble
[0.305s] Level 1:colcon.colcon_core.package_discovery:discover_packages(prefix_path) using defaults
[0.322s] ERROR:colcon.colcon_core.package_augmentation:Exception in package augmentation extension 'python': 
Traceback (most recent call last):
  File "/usr/lib/python3/dist-packages/colcon_core/package_augmentation/__init__.py", line 97, in augment_packages
    retval = extension.augment_packages(
  File "/usr/lib/python3/dist-packages/colcon_installed_package_information/package_augmentation/python.py", line 44, in augment_packages
    dist = next(iter(dists))
StopIteration

[0.329s] Level 5:colcon.colcon_core.verb:set package 'maze_bot' build argument 'cmake_args' from command line to 'None'
[0.329s] Level 5:colcon.colcon_core.verb:set package 'maze_bot' build argument 'cmake_target' from command line to 'None'
[0.329s] Level 5:colcon.colcon_core.verb:set package 'maze_bot' build argument 'cmake_target_skip_unavailable' from command line to 'False'
[0.329s] Level 5:colcon.colcon_core.verb:set package 'maze_bot' build argument 'cmake_clean_cache' from command line to 'False'
[0.329s] Level 5:colcon.colcon_core.verb:set package 'maze_bot' build argument 'cmake_clean_first' from command line to 'False'
[0.329s] Level 5:colcon.colcon_core.verb:set package 'maze_bot' build argument 'cmake_force_configure' from command line to 'False'
[0.329s] Level 5:colcon.colcon_core.verb:set package 'maze_bot' build argument 'ament_cmake_args' from command line to 'None'
[0.329s] Level 5:colcon.colcon_core.verb:set package 'maze_bot' build argument 'catkin_cmake_args' from command line to 'None'
[0.329s] Level 5:colcon.colcon_core.verb:set package 'maze_bot' build argument 'catkin_skip_building_tests' from command line to 'False'
[0.330s] DEBUG:colcon.colcon_core.verb:Building package 'maze_bot' with the following arguments: {'ament_cmake_args': None, 'build_base': '/home/botcanh/ROS2-Path-Planning-and-Maze-Solving/path_planning_ws/build/maze_bot', 'catkin_cmake_args': None, 'catkin_skip_building_tests': False, 'cmake_args': None, 'cmake_clean_cache': False, 'cmake_clean_first': False, 'cmake_force_configure': False, 'cmake_target': None, 'cmake_target_skip_unavailable': False, 'install_base': '/home/botcanh/ROS2-Path-Planning-and-Maze-Solving/path_planning_ws/install/maze_bot', 'merge_install': False, 'path': '/home/botcanh/ROS2-Path-Planning-and-Maze-Solving/path_planning_ws/src/maze_bot', 'symlink_install': False, 'test_result_base': None}
[0.330s] INFO:colcon.colcon_core.executor:Executing jobs using 'parallel' executor
[0.331s] DEBUG:colcon.colcon_parallel_executor.executor.parallel:run_until_complete
[0.331s] INFO:colcon.colcon_ros.task.ament_python.build:Building ROS package in '/home/botcanh/ROS2-Path-Planning-and-Maze-Solving/path_planning_ws/src/maze_bot' with build type 'ament_python'
[0.331s] Level 1:colcon.colcon_core.shell:create_environment_hook('maze_bot', 'ament_prefix_path')
[0.335s] INFO:colcon.colcon_core.plugin_system:Skipping extension 'colcon_core.shell.bat': Not used on non-Windows systems
[0.335s] INFO:colcon.colcon_core.shell:Creating environment hook '/home/botcanh/ROS2-Path-Planning-and-Maze-Solving/path_planning_ws/install/maze_bot/share/maze_bot/hook/ament_prefix_path.ps1'
[0.336s] INFO:colcon.colcon_core.shell:Creating environment descriptor '/home/botcanh/ROS2-Path-Planning-and-Maze-Solving/path_planning_ws/install/maze_bot/share/maze_bot/hook/ament_prefix_path.dsv'
[0.336s] INFO:colcon.colcon_core.shell:Creating environment hook '/home/botcanh/ROS2-Path-Planning-and-Maze-Solving/path_planning_ws/install/maze_bot/share/maze_bot/hook/ament_prefix_path.sh'
[0.337s] INFO:colcon.colcon_core.shell:Skip shell extension 'powershell' for command environment: Not usable outside of PowerShell
[0.337s] DEBUG:colcon.colcon_core.shell:Skip shell extension 'dsv' for command environment
[0.547s] INFO:colcon.colcon_core.task.python.build:Building Python package in '/home/botcanh/ROS2-Path-Planning-and-Maze-Solving/path_planning_ws/src/maze_bot'
[0.548s] INFO:colcon.colcon_core.shell:Skip shell extension 'powershell' for command environment: Not usable outside of PowerShell
[0.548s] DEBUG:colcon.colcon_core.shell:Skip shell extension 'dsv' for command environment
[0.933s] DEBUG:colcon.colcon_core.event_handler.log_command:Invoking command in '/home/botcanh/ROS2-Path-Planning-and-Maze-Solving/path_planning_ws/src/maze_bot': PYTHONPATH=/home/botcanh/ROS2-Path-Planning-and-Maze-Solving/path_planning_ws/build/maze_bot/prefix_override:/home/botcanh/ROS2-Path-Planning-and-Maze-Solving/path_planning_ws/install/maze_bot/lib/python3.10/site-packages:${PYTHONPATH} /usr/bin/python3 -W ignore:setup.py install is deprecated setup.py egg_info --egg-base ../../build/maze_bot build --build-base /home/botcanh/ROS2-Path-Planning-and-Maze-Solving/path_planning_ws/build/maze_bot/build install --record /home/botcanh/ROS2-Path-Planning-and-Maze-Solving/path_planning_ws/build/maze_bot/install.log --single-version-externally-managed install_data
[1.202s] DEBUG:colcon.colcon_core.event_handler.log_command:Invoked command in '/home/botcanh/ROS2-Path-Planning-and-Maze-Solving/path_planning_ws/src/maze_bot' returned '0': PYTHONPATH=/home/botcanh/ROS2-Path-Planning-and-Maze-Solving/path_planning_ws/build/maze_bot/prefix_override:/home/botcanh/ROS2-Path-Planning-and-Maze-Solving/path_planning_ws/install/maze_bot/lib/python3.10/site-packages:${PYTHONPATH} /usr/bin/python3 -W ignore:setup.py install is deprecated setup.py egg_info --egg-base ../../build/maze_bot build --build-base /home/botcanh/ROS2-Path-Planning-and-Maze-Solving/path_planning_ws/build/maze_bot/build install --record /home/botcanh/ROS2-Path-Planning-and-Maze-Solving/path_planning_ws/build/maze_bot/install.log --single-version-externally-managed install_data
[1.206s] Level 1:colcon.colcon_core.environment:checking '/home/botcanh/ROS2-Path-Planning-and-Maze-Solving/path_planning_ws/install/maze_bot' for CMake module files
[1.206s] Level 1:colcon.colcon_core.environment:checking '/home/botcanh/ROS2-Path-Planning-and-Maze-Solving/path_planning_ws/install/maze_bot' for CMake config files
[1.207s] Level 1:colcon.colcon_core.environment:checking '/home/botcanh/ROS2-Path-Planning-and-Maze-Solving/path_planning_ws/install/maze_bot/lib'
[1.207s] Level 1:colcon.colcon_core.environment:checking '/home/botcanh/ROS2-Path-Planning-and-Maze-Solving/path_planning_ws/install/maze_bot/bin'
[1.207s] Level 1:colcon.colcon_core.environment:checking '/home/botcanh/ROS2-Path-Planning-and-Maze-Solving/path_planning_ws/install/maze_bot/lib/pkgconfig/maze_bot.pc'
[1.207s] Level 1:colcon.colcon_core.environment:checking '/home/botcanh/ROS2-Path-Planning-and-Maze-Solving/path_planning_ws/install/maze_bot/lib/python3.10/site-packages'
[1.207s] Level 1:colcon.colcon_core.shell:create_environment_hook('maze_bot', 'pythonpath')
[1.208s] INFO:colcon.colcon_core.shell:Creating environment hook '/home/botcanh/ROS2-Path-Planning-and-Maze-Solving/path_planning_ws/install/maze_bot/share/maze_bot/hook/pythonpath.ps1'
[1.209s] INFO:colcon.colcon_core.shell:Creating environment descriptor '/home/botcanh/ROS2-Path-Planning-and-Maze-Solving/path_planning_ws/install/maze_bot/share/maze_bot/hook/pythonpath.dsv'
[1.209s] INFO:colcon.colcon_core.shell:Creating environment hook '/home/botcanh/ROS2-Path-Planning-and-Maze-Solving/path_planning_ws/install/maze_bot/share/maze_bot/hook/pythonpath.sh'
[1.209s] Level 1:colcon.colcon_core.environment:checking '/home/botcanh/ROS2-Path-Planning-and-Maze-Solving/path_planning_ws/install/maze_bot/bin'
[1.209s] Level 1:colcon.colcon_core.environment:create_environment_scripts_only(maze_bot)
[1.210s] INFO:colcon.colcon_core.shell:Creating package script '/home/botcanh/ROS2-Path-Planning-and-Maze-Solving/path_planning_ws/install/maze_bot/share/maze_bot/package.ps1'
[1.211s] INFO:colcon.colcon_core.shell:Creating package descriptor '/home/botcanh/ROS2-Path-Planning-and-Maze-Solving/path_planning_ws/install/maze_bot/share/maze_bot/package.dsv'
[1.211s] INFO:colcon.colcon_core.shell:Creating package script '/home/botcanh/ROS2-Path-Planning-and-Maze-Solving/path_planning_ws/install/maze_bot/share/maze_bot/package.sh'
[1.212s] INFO:colcon.colcon_core.shell:Creating package script '/home/botcanh/ROS2-Path-Planning-and-Maze-Solving/path_planning_ws/install/maze_bot/share/maze_bot/package.bash'
[1.213s] INFO:colcon.colcon_core.shell:Creating package script '/home/botcanh/ROS2-Path-Planning-and-Maze-Solving/path_planning_ws/install/maze_bot/share/maze_bot/package.zsh'
[1.214s] Level 1:colcon.colcon_core.environment:create_file_with_runtime_dependencies(/home/botcanh/ROS2-Path-Planning-and-Maze-Solving/path_planning_ws/install/maze_bot/share/colcon-core/packages/maze_bot)
[1.214s] DEBUG:colcon.colcon_parallel_executor.executor.parallel:closing loop
[1.214s] DEBUG:colcon.colcon_parallel_executor.executor.parallel:loop closed
[1.214s] DEBUG:colcon.colcon_parallel_executor.executor.parallel:run_until_complete finished with '0'
[1.214s] DEBUG:colcon.colcon_core.event_reactor:joining thread
[1.220s] INFO:colcon.colcon_core.plugin_system:Skipping extension 'colcon_notification.desktop_notification.terminal_notifier': Not used on non-Darwin systems
[1.220s] INFO:colcon.colcon_core.plugin_system:Skipping extension 'colcon_notification.desktop_notification.win32': Not used on non-Windows systems
[1.220s] INFO:colcon.colcon_notification.desktop_notification:Sending desktop notification using 'notify2'
[1.239s] DEBUG:colcon.colcon_core.event_reactor:joined thread
[1.240s] INFO:colcon.colcon_core.shell:Creating prefix script '/home/botcanh/ROS2-Path-Planning-and-Maze-Solving/path_planning_ws/install/local_setup.ps1'
[1.241s] INFO:colcon.colcon_core.shell:Creating prefix util module '/home/botcanh/ROS2-Path-Planning-and-Maze-Solving/path_planning_ws/install/_local_setup_util_ps1.py'
[1.242s] INFO:colcon.colcon_core.shell:Creating prefix chain script '/home/botcanh/ROS2-Path-Planning-and-Maze-Solving/path_planning_ws/install/setup.ps1'
[1.244s] INFO:colcon.colcon_core.shell:Creating prefix script '/home/botcanh/ROS2-Path-Planning-and-Maze-Solving/path_planning_ws/install/local_setup.sh'
[1.245s] INFO:colcon.colcon_core.shell:Creating prefix util module '/home/botcanh/ROS2-Path-Planning-and-Maze-Solving/path_planning_ws/install/_local_setup_util_sh.py'
[1.245s] INFO:colcon.colcon_core.shell:Creating prefix chain script '/home/botcanh/ROS2-Path-Planning-and-Maze-Solving/path_planning_ws/install/setup.sh'
[1.247s] INFO:colcon.colcon_core.shell:Creating prefix script '/home/botcanh/ROS2-Path-Planning-and-Maze-Solving/path_planning_ws/install/local_setup.bash'
[1.248s] INFO:colcon.colcon_core.shell:Creating prefix chain script '/home/botcanh/ROS2-Path-Planning-and-Maze-Solving/path_planning_ws/install/setup.bash'
[1.249s] INFO:colcon.colcon_core.shell:Creating prefix script '/home/botcanh/ROS2-Path-Planning-and-Maze-Solving/path_planning_ws/install/local_setup.zsh'
[1.250s] INFO:colcon.colcon_core.shell:Creating prefix chain script '/home/botcanh/ROS2-Path-Planning-and-Maze-Solving/path_planning_ws/install/setup.zsh'
